<?xml version="1.0" encoding="UTF-8"?>
<datasources xmlns:xsi="http://www.w3.org/2001/XMLSchema-instance"
             xsi:noNamespaceSchemaLocation="http://www.ironjacamar.org/schema/datasources_1_0.xsd">

    <datasource jndi-name="java:jboss/datasources/Example_warDS" pool-name="Example_warDS"
                enabled="true" use-java-context="true">

    <connection-url>jdbc:h2:mem:example_war;DB_CLOSE_DELAY=-1</connection-url>
        <driver-class>org.h2.Driver</driver-class>
        <driver>h2</driver>
        <security>
            <user-name>sa</user-name>
            <password>sa</password>
        </security>
    </datasource>

</datasources>